<?xml version="1.0" encoding="UTF-8"?>
<testng-results ignored="0" total="1" passed="1" failed="0" skipped="0">
  <reporter-output>
  </reporter-output>
  <suite started-at="2022-02-28T18:56:53 IST" name="Default suite" finished-at="2022-02-28T18:57:45 IST" duration-ms="52421">
    <groups>
    </groups>
    <test started-at="2022-02-28T18:56:53 IST" name="Default test" finished-at="2022-02-28T18:57:45 IST" duration-ms="52421">
      <class name="adactin.testNG.Integration">
        <test-method is-config="true" signature="beforeclass()[pri:0, instance:adactin.testNG.Integration@40147317]" started-at="2022-02-28T18:56:53 IST" name="beforeclass" finished-at="2022-02-28T18:57:11 IST" duration-ms="17806" status="PASS">
          <reporter-output>
          </reporter-output>
        </test-method> <!-- beforeclass -->
        <test-method signature="LoginPage()[pri:0, instance:adactin.testNG.Integration@40147317]" started-at="2022-02-28T18:57:11 IST" name="LoginPage" finished-at="2022-02-28T18:57:45 IST" duration-ms="34345" status="PASS">
          <reporter-output>
          </reporter-output>
        </test-method> <!-- LoginPage -->
        <test-method is-config="true" signature="AfterClass()[pri:0, instance:adactin.testNG.Integration@40147317]" started-at="2022-02-28T18:57:45 IST" name="AfterClass" finished-at="2022-02-28T18:57:45 IST" duration-ms="2" status="PASS">
          <reporter-output>
          </reporter-output>
        </test-method> <!-- AfterClass -->
      </class> <!-- adactin.testNG.Integration -->
    </test> <!-- Default test -->
  </suite> <!-- Default suite -->
</testng-results>
